# JRE version: OpenJDK Runtime Environment Temurin-21.0.10+7 (21.0.10+7) (build 21.0.10+7-LTS)
# Java VM: OpenJDK 64-Bit Server VM Temurin-21.0.10+7 (21.0.10+7-LTS, mixed mode, sharing, tiered, compressed oops, compressed class ptrs, parallel gc, windows-amd64)
GC Precious Log:
 CardTable entry size: 512
 CPUs: 4 total, 4 available
 Memory: 8089M
 Large Page Support: Disabled
 NUMA Support: Disabled
 Compressed Oops: Enabled (32-bit)
 Alignments: Space 512K, Generation 512K, Heap 2M
 Heap Min Capacity: 100M
 Heap Initial Capacity: 100M
 Heap Max Capacity: 2G
 Pre-touch: Disabled
 Parallel Workers: 4
Heap:
 PSYoungGen      total 20480K, used 16715K [0x00000000d5580000, 0x00000000d6d00000, 0x0000000100000000)
  eden space 16896K, 80% used [0x00000000d5580000,0x00000000d62bad40,0x00000000d6600000)
  from space 3584K, 88% used [0x00000000d6700000,0x00000000d6a18010,0x00000000d6a80000)
  to   space 2560K, 0% used [0x00000000d6a80000,0x00000000d6a80000,0x00000000d6d00000)
 ParOldGen       total 68608K, used 61721K [0x0000000080000000, 0x0000000084300000, 0x00000000d5580000)
  object space 68608K, 89% used [0x0000000080000000,0x0000000083c46618,0x0000000084300000)
 Metaspace       used 61332K, committed 62784K, reserved 1114112K
  class space    used 6570K, committed 7168K, reserved 1048576K
GC Heap History (20 events):
Event: 1078.365 GC heap before
{Heap before GC invocations=59 (full 3):
 PSYoungGen      total 17408K, used 17248K [0x00000000d5580000, 0x00000000d6780000, 0x0000000100000000)
  eden space 16896K, 100% used [0x00000000d5580000,0x00000000d6600000,0x00000000d6600000)
  from space 512K, 68% used [0x00000000d6680000,0x00000000d66d8000,0x00000000d6700000)
  to   space 512K, 0% used [0x00000000d6700000,0x00000000d6700000,0x00000000d6780000)
 ParOldGen       total 68608K, used 53299K [0x0000000080000000, 0x0000000084300000, 0x00000000d5580000)
  object space 68608K, 77% used [0x0000000080000000,0x000000008340cc10,0x0000000084300000)
 Metaspace       used 58907K, committed 60288K, reserved 1114112K
  class space    used 6334K, committed 6912K, reserved 1048576K
}
Event: 1078.367 GC heap after
{Heap after GC invocations=59 (full 3):
 PSYoungGen      total 17408K, used 96K [0x00000000d5580000, 0x00000000d6780000, 0x0000000100000000)
  eden space 16896K, 0% used [0x00000000d5580000,0x00000000d5580000,0x00000000d6600000)
  from space 512K, 18% used [0x00000000d6700000,0x00000000d6718000,0x00000000d6780000)
  to   space 512K, 0% used [0x00000000d6680000,0x00000000d6680000,0x00000000d6700000)
 ParOldGen       total 68608K, used 53451K [0x0000000080000000, 0x0000000084300000, 0x00000000d5580000)
  object space 68608K, 77% used [0x0000000080000000,0x0000000083432c10,0x0000000084300000)
 Metaspace       used 58907K, committed 60288K, reserved 1114112K
  class space    used 6334K, committed 6912K, reserved 1048576K
}
Event: 1078.508 GC heap before
{Heap before GC invocations=60 (full 3):
 PSYoungGen      total 17408K, used 16992K [0x00000000d5580000, 0x00000000d6780000, 0x0000000100000000)
  eden space 16896K, 100% used [0x00000000d5580000,0x00000000d6600000,0x00000000d6600000)
  from space 512K, 18% used [0x00000000d6700000,0x00000000d6718000,0x00000000d6780000)
  to   space 512K, 0% used [0x00000000d6680000,0x00000000d6680000,0x00000000d6700000)
 ParOldGen       total 68608K, used 53451K [0x0000000080000000, 0x0000000084300000, 0x00000000d5580000)
  object space 68608K, 77% used [0x0000000080000000,0x0000000083432c10,0x0000000084300000)
 Metaspace       used 58907K, committed 60288K, reserved 1114112K
  class space    used 6334K, committed 6912K, reserved 1048576K
}
Event: 1078.509 GC heap after
{Heap after GC invocations=60 (full 3):
 PSYoungGen      total 17408K, used 320K [0x00000000d5580000, 0x00000000d6780000, 0x0000000100000000)
  eden space 16896K, 0% used [0x00000000d5580000,0x00000000d5580000,0x00000000d6600000)
  from space 512K, 62% used [0x00000000d6680000,0x00000000d66d0000,0x00000000d6700000)
  to   space 512K, 0% used [0x00000000d6700000,0x00000000d6700000,0x00000000d6780000)
 ParOldGen       total 68608K, used 53531K [0x0000000080000000, 0x0000000084300000, 0x00000000d5580000)
  object space 68608K, 78% used [0x0000000080000000,0x0000000083446c10,0x0000000084300000)
 Metaspace       used 58907K, committed 60288K, reserved 1114112K
  class space    used 6334K, committed 6912K, reserved 1048576K
}
Event: 1078.590 GC heap before
{Heap before GC invocations=61 (full 3):
 PSYoungGen      total 17408K, used 17216K [0x00000000d5580000, 0x00000000d6780000, 0x0000000100000000)
  eden space 16896K, 100% used [0x00000000d5580000,0x00000000d6600000,0x00000000d6600000)
  from space 512K, 62% used [0x00000000d6680000,0x00000000d66d0000,0x00000000d6700000)
  to   space 512K, 0% used [0x00000000d6700000,0x00000000d6700000,0x00000000d6780000)
 ParOldGen       total 68608K, used 53531K [0x0000000080000000, 0x0000000084300000, 0x00000000d5580000)
  object space 68608K, 78% used [0x0000000080000000,0x0000000083446c10,0x0000000084300000)
 Metaspace       used 58907K, committed 60288K, reserved 1114112K
  class space    used 6334K, committed 6912K, reserved 1048576K
}
Event: 1078.592 GC heap after
{Heap after GC invocations=61 (full 3):
 PSYoungGen      total 17408K, used 256K [0x00000000d5580000, 0x00000000d6780000, 0x0000000100000000)
  eden space 16896K, 0% used [0x00000000d5580000,0x00000000d5580000,0x00000000d6600000)
  from space 512K, 50% used [0x00000000d6700000,0x00000000d6740000,0x00000000d6780000)
  to   space 512K, 0% used [0x00000000d6680000,0x00000000d6680000,0x00000000d6700000)
 ParOldGen       total 68608K, used 53787K [0x0000000080000000, 0x0000000084300000, 0x00000000d5580000)
  object space 68608K, 78% used [0x0000000080000000,0x0000000083486c10,0x0000000084300000)
 Metaspace       used 58907K, committed 60288K, reserved 1114112K
  class space    used 6334K, committed 6912K, reserved 1048576K
}
Event: 1078.749 GC heap before
{Heap before GC invocations=62 (full 3):
 PSYoungGen      total 17408K, used 17152K [0x00000000d5580000, 0x00000000d6780000, 0x0000000100000000)
  eden space 16896K, 100% used [0x00000000d5580000,0x00000000d6600000,0x00000000d6600000)
  from space 512K, 50% used [0x00000000d6700000,0x00000000d6740000,0x00000000d6780000)
  to   space 512K, 0% used [0x00000000d6680000,0x00000000d6680000,0x00000000d6700000)
 ParOldGen       total 68608K, used 53787K [0x0000000080000000, 0x0000000084300000, 0x00000000d5580000)
  object space 68608K, 78% used [0x0000000080000000,0x0000000083486c10,0x0000000084300000)
 Metaspace       used 58907K, committed 60288K, reserved 1114112K
  class space    used 6334K, committed 6912K, reserved 1048576K
}
Event: 1078.751 GC heap after
{Heap after GC invocations=62 (full 3):
 PSYoungGen      total 17408K, used 305K [0x00000000d5580000, 0x00000000d6780000, 0x0000000100000000)
  eden space 16896K, 0% used [0x00000000d5580000,0x00000000d5580000,0x00000000d6600000)
  from space 512K, 59% used [0x00000000d6680000,0x00000000d66cc400,0x00000000d6700000)
  to   space 512K, 0% used [0x00000000d6700000,0x00000000d6700000,0x00000000d6780000)
 ParOldGen       total 68608K, used 53999K [0x0000000080000000, 0x0000000084300000, 0x00000000d5580000)
  object space 68608K, 78% used [0x0000000080000000,0x00000000834bbf68,0x0000000084300000)
 Metaspace       used 58907K, committed 60288K, reserved 1114112K
  class space    used 6334K, committed 6912K, reserved 1048576K
}
Event: 1078.831 GC heap before
{Heap before GC invocations=63 (full 3):
 PSYoungGen      total 17408K, used 17201K [0x00000000d5580000, 0x00000000d6780000, 0x0000000100000000)
  eden space 16896K, 100% used [0x00000000d5580000,0x00000000d6600000,0x00000000d6600000)
  from space 512K, 59% used [0x00000000d6680000,0x00000000d66cc400,0x00000000d6700000)
  to   space 512K, 0% used [0x00000000d6700000,0x00000000d6700000,0x00000000d6780000)
 ParOldGen       total 68608K, used 53999K [0x0000000080000000, 0x0000000084300000, 0x00000000d5580000)
  object space 68608K, 78% used [0x0000000080000000,0x00000000834bbf68,0x0000000084300000)
 Metaspace       used 58907K, committed 60288K, reserved 1114112K
  class space    used 6334K, committed 6912K, reserved 1048576K
}
Event: 1078.832 GC heap after
{Heap after GC invocations=63 (full 3):
 PSYoungGen      total 17408K, used 192K [0x00000000d5580000, 0x00000000d6780000, 0x0000000100000000)
  eden space 16896K, 0% used [0x00000000d5580000,0x00000000d5580000,0x00000000d6600000)
  from space 512K, 37% used [0x00000000d6700000,0x00000000d6730000,0x00000000d6780000)
  to   space 512K, 0% used [0x00000000d6680000,0x00000000d6680000,0x00000000d6700000)
 ParOldGen       total 68608K, used 54261K [0x0000000080000000, 0x0000000084300000, 0x00000000d5580000)
  object space 68608K, 79% used [0x0000000080000000,0x00000000834fd6c0,0x0000000084300000)
 Metaspace       used 58907K, committed 60288K, reserved 1114112K
  class space    used 6334K, committed 6912K, reserved 1048576K
}
Event: 1078.986 GC heap before
{Heap before GC invocations=64 (full 3):
 PSYoungGen      total 17408K, used 17088K [0x00000000d5580000, 0x00000000d6780000, 0x0000000100000000)
  eden space 16896K, 100% used [0x00000000d5580000,0x00000000d6600000,0x00000000d6600000)
  from space 512K, 37% used [0x00000000d6700000,0x00000000d6730000,0x00000000d6780000)
  to   space 512K, 0% used [0x00000000d6680000,0x00000000d6680000,0x00000000d6700000)
 ParOldGen       total 68608K, used 54261K [0x0000000080000000, 0x0000000084300000, 0x00000000d5580000)
  object space 68608K, 79% used [0x0000000080000000,0x00000000834fd6c0,0x0000000084300000)
 Metaspace       used 58919K, committed 60288K, reserved 1114112K
  class space    used 6334K, committed 6912K, reserved 1048576K
}
Event: 1078.988 GC heap after
{Heap after GC invocations=64 (full 3):
 PSYoungGen      total 17408K, used 288K [0x00000000d5580000, 0x00000000d6780000, 0x0000000100000000)
  eden space 16896K, 0% used [0x00000000d5580000,0x00000000d5580000,0x00000000d6600000)
  from space 512K, 56% used [0x00000000d6680000,0x00000000d66c8000,0x00000000d6700000)
  to   space 512K, 0% used [0x00000000d6700000,0x00000000d6700000,0x00000000d6780000)
 ParOldGen       total 68608K, used 54357K [0x0000000080000000, 0x0000000084300000, 0x00000000d5580000)
  object space 68608K, 79% used [0x0000000080000000,0x00000000835156c0,0x0000000084300000)
 Metaspace       used 58919K, committed 60288K, reserved 1114112K
  class space    used 6334K, committed 6912K, reserved 1048576K
}
Event: 1079.059 GC heap before
{Heap before GC invocations=65 (full 3):
 PSYoungGen      total 17408K, used 17184K [0x00000000d5580000, 0x00000000d6780000, 0x0000000100000000)
  eden space 16896K, 100% used [0x00000000d5580000,0x00000000d6600000,0x00000000d6600000)
  from space 512K, 56% used [0x00000000d6680000,0x00000000d66c8000,0x00000000d6700000)
  to   space 512K, 0% used [0x00000000d6700000,0x00000000d6700000,0x00000000d6780000)
 ParOldGen       total 68608K, used 54357K [0x0000000080000000, 0x0000000084300000, 0x00000000d5580000)
  object space 68608K, 79% used [0x0000000080000000,0x00000000835156c0,0x0000000084300000)
 Metaspace       used 58920K, committed 60288K, reserved 1114112K
  class space    used 6334K, committed 6912K, reserved 1048576K
}
Event: 1079.061 GC heap after
{Heap after GC invocations=65 (full 3):
 PSYoungGen      total 17408K, used 416K [0x00000000d5580000, 0x00000000d6780000, 0x0000000100000000)
  eden space 16896K, 0% used [0x00000000d5580000,0x00000000d5580000,0x00000000d6600000)
  from space 512K, 81% used [0x00000000d6700000,0x00000000d6768000,0x00000000d6780000)
  to   space 512K, 0% used [0x00000000d6680000,0x00000000d6680000,0x00000000d6700000)
 ParOldGen       total 68608K, used 54581K [0x0000000080000000, 0x0000000084300000, 0x00000000d5580000)
  object space 68608K, 79% used [0x0000000080000000,0x000000008354d6c0,0x0000000084300000)
 Metaspace       used 58920K, committed 60288K, reserved 1114112K
  class space    used 6334K, committed 6912K, reserved 1048576K
}
Event: 1079.340 GC heap before
{Heap before GC invocations=66 (full 3):
 PSYoungGen      total 17408K, used 17312K [0x00000000d5580000, 0x00000000d6780000, 0x0000000100000000)
  eden space 16896K, 100% used [0x00000000d5580000,0x00000000d6600000,0x00000000d6600000)
  from space 512K, 81% used [0x00000000d6700000,0x00000000d6768000,0x00000000d6780000)
  to   space 512K, 0% used [0x00000000d6680000,0x00000000d6680000,0x00000000d6700000)
 ParOldGen       total 68608K, used 54581K [0x0000000080000000, 0x0000000084300000, 0x00000000d5580000)
  object space 68608K, 79% used [0x0000000080000000,0x000000008354d6c0,0x0000000084300000)
 Metaspace       used 59222K, committed 60672K, reserved 1114112K
  class space    used 6355K, committed 6976K, reserved 1048576K
}
Event: 1079.348 GC heap after
{Heap after GC invocations=66 (full 3):
 PSYoungGen      total 17408K, used 480K [0x00000000d5580000, 0x00000000d7100000, 0x0000000100000000)
  eden space 16896K, 0% used [0x00000000d5580000,0x00000000d5580000,0x00000000d6600000)
  from space 512K, 93% used [0x00000000d6680000,0x00000000d66f8010,0x00000000d6700000)
  to   space 5632K, 0% used [0x00000000d6b80000,0x00000000d6b80000,0x00000000d7100000)
 ParOldGen       total 68608K, used 58905K [0x0000000080000000, 0x0000000084300000, 0x00000000d5580000)
  object space 68608K, 85% used [0x0000000080000000,0x00000000839865e8,0x0000000084300000)
 Metaspace       used 59222K, committed 60672K, reserved 1114112K
  class space    used 6355K, committed 6976K, reserved 1048576K
}
Event: 1079.804 GC heap before
{Heap before GC invocations=67 (full 3):
 PSYoungGen      total 17408K, used 17376K [0x00000000d5580000, 0x00000000d7100000, 0x0000000100000000)
  eden space 16896K, 100% used [0x00000000d5580000,0x00000000d6600000,0x00000000d6600000)
  from space 512K, 93% used [0x00000000d6680000,0x00000000d66f8010,0x00000000d6700000)
  to   space 5632K, 0% used [0x00000000d6b80000,0x00000000d6b80000,0x00000000d7100000)
 ParOldGen       total 68608K, used 58905K [0x0000000080000000, 0x0000000084300000, 0x00000000d5580000)
  object space 68608K, 85% used [0x0000000080000000,0x00000000839865e8,0x0000000084300000)
 Metaspace       used 59468K, committed 60864K, reserved 1114112K
  class space    used 6378K, committed 6976K, reserved 1048576K
}
Event: 1079.809 GC heap after
{Heap after GC invocations=67 (full 3):
 PSYoungGen      total 19456K, used 2479K [0x00000000d5580000, 0x00000000d6e00000, 0x0000000100000000)
  eden space 16896K, 0% used [0x00000000d5580000,0x00000000d5580000,0x00000000d6600000)
  from space 2560K, 96% used [0x00000000d6b80000,0x00000000d6debe60,0x00000000d6e00000)
  to   space 3584K, 0% used [0x00000000d6700000,0x00000000d6700000,0x00000000d6a80000)
 ParOldGen       total 68608K, used 59377K [0x0000000080000000, 0x0000000084300000, 0x00000000d5580000)
  object space 68608K, 86% used [0x0000000080000000,0x00000000839fc5f8,0x0000000084300000)
 Metaspace       used 59468K, committed 60864K, reserved 1114112K
  class space    used 6378K, committed 6976K, reserved 1048576K
}
Event: 1081.154 GC heap before
{Heap before GC invocations=68 (full 3):
 PSYoungGen      total 19456K, used 19375K [0x00000000d5580000, 0x00000000d6e00000, 0x0000000100000000)
  eden space 16896K, 100% used [0x00000000d5580000,0x00000000d6600000,0x00000000d6600000)
  from space 2560K, 96% used [0x00000000d6b80000,0x00000000d6debe60,0x00000000d6e00000)
  to   space 3584K, 0% used [0x00000000d6700000,0x00000000d6700000,0x00000000d6a80000)
 ParOldGen       total 68608K, used 59377K [0x0000000080000000, 0x0000000084300000, 0x00000000d5580000)
  object space 68608K, 86% used [0x0000000080000000,0x00000000839fc5f8,0x0000000084300000)
 Metaspace       used 60494K, committed 61952K, reserved 1114112K
  class space    used 6491K, committed 7104K, reserved 1048576K
}
Event: 1081.164 GC heap after
{Heap after GC invocations=68 (full 3):
 PSYoungGen      total 20480K, used 3168K [0x00000000d5580000, 0x00000000d6d00000, 0x0000000100000000)
  eden space 16896K, 0% used [0x00000000d5580000,0x00000000d5580000,0x00000000d6600000)
  from space 3584K, 88% used [0x00000000d6700000,0x00000000d6a18010,0x00000000d6a80000)
  to   space 2560K, 0% used [0x00000000d6a80000,0x00000000d6a80000,0x00000000d6d00000)
 ParOldGen       total 68608K, used 61721K [0x0000000080000000, 0x0000000084300000, 0x00000000d5580000)
  object space 68608K, 89% used [0x0000000080000000,0x0000000083c46618,0x0000000084300000)
 Metaspace       used 60494K, committed 61952K, reserved 1114112K
  class space    used 6491K, committed 7104K, reserved 1048576K
}

