# JRE version: OpenJDK Runtime Environment Temurin-21.0.10+7 (21.0.10+7) (build 21.0.10+7-LTS)
# Java VM: OpenJDK 64-Bit Server VM Temurin-21.0.10+7 (21.0.10+7-LTS, mixed mode, sharing, tiered, compressed oops, compressed class ptrs, parallel gc, windows-amd64)
GC Precious Log:
 CardTable entry size: 512
 CPUs: 4 total, 4 available
 Memory: 8089M
 Large Page Support: Disabled
 NUMA Support: Disabled
 Compressed Oops: Enabled (32-bit)
 Alignments: Space 512K, Generation 512K, Heap 2M
 Heap Min Capacity: 100M
 Heap Initial Capacity: 100M
 Heap Max Capacity: 2G
 Pre-touch: Disabled
 Parallel Workers: 4
Heap:
 PSYoungGen      total 2560K, used 743K [0x00000000d5580000, 0x00000000d5980000, 0x0000000100000000)
  eden space 2048K, 26% used [0x00000000d5580000,0x00000000d5609da0,0x00000000d5780000)
  from space 512K, 37% used [0x00000000d5880000,0x00000000d58b0000,0x00000000d5900000)
  to   space 512K, 0% used [0x00000000d5900000,0x00000000d5900000,0x00000000d5980000)
 ParOldGen       total 773120K, used 772868K [0x0000000080000000, 0x00000000af300000, 0x00000000d5580000)
  object space 773120K, 99% used [0x0000000080000000,0x00000000af2c12f0,0x00000000af300000)
 Metaspace       used 71743K, committed 73280K, reserved 1114112K
  class space    used 7568K, committed 8256K, reserved 1048576K
GC Heap History (20 events):
Event: 675.887 GC heap before
{Heap before GC invocations=1185 (full 3):
 PSYoungGen      total 1536K, used 1032K [0x00000000d5580000, 0x00000000d5900000, 0x0000000100000000)
  eden space 512K, 99% used [0x00000000d5580000,0x00000000d55ff868,0x00000000d5600000)
  from space 1024K, 51% used [0x00000000d5600000,0x00000000d5682960,0x00000000d5700000)
  to   space 1024K, 0% used [0x00000000d5800000,0x00000000d5800000,0x00000000d5900000)
 ParOldGen       total 768000K, used 767599K [0x0000000080000000, 0x00000000aee00000, 0x00000000d5580000)
  object space 768000K, 99% used [0x0000000080000000,0x00000000aed9bc80,0x00000000aee00000)
 Metaspace       used 71401K, committed 72960K, reserved 1114112K
  class space    used 7520K, committed 8192K, reserved 1048576K
}
Event: 675.891 GC heap after
{Heap after GC invocations=1185 (full 3):
 PSYoungGen      total 2560K, used 350K [0x00000000d5580000, 0x00000000d5880000, 0x0000000100000000)
  eden space 2048K, 0% used [0x00000000d5580000,0x00000000d5580000,0x00000000d5780000)
  from space 512K, 68% used [0x00000000d5800000,0x00000000d5857a68,0x00000000d5880000)
  to   space 512K, 0% used [0x00000000d5780000,0x00000000d5780000,0x00000000d5800000)
 ParOldGen       total 768512K, used 768040K [0x0000000080000000, 0x00000000aee80000, 0x00000000d5580000)
  object space 768512K, 99% used [0x0000000080000000,0x00000000aee0a250,0x00000000aee80000)
 Metaspace       used 71401K, committed 72960K, reserved 1114112K
  class space    used 7520K, committed 8192K, reserved 1048576K
}
Event: 676.241 GC heap before
{Heap before GC invocations=1186 (full 3):
 PSYoungGen      total 2560K, used 2398K [0x00000000d5580000, 0x00000000d5880000, 0x0000000100000000)
  eden space 2048K, 100% used [0x00000000d5580000,0x00000000d5780000,0x00000000d5780000)
  from space 512K, 68% used [0x00000000d5800000,0x00000000d5857a68,0x00000000d5880000)
  to   space 512K, 0% used [0x00000000d5780000,0x00000000d5780000,0x00000000d5800000)
 ParOldGen       total 768512K, used 768040K [0x0000000080000000, 0x00000000aee80000, 0x00000000d5580000)
  object space 768512K, 99% used [0x0000000080000000,0x00000000aee0a250,0x00000000aee80000)
 Metaspace       used 71401K, committed 72960K, reserved 1114112K
  class space    used 7520K, committed 8192K, reserved 1048576K
}
Event: 676.248 GC heap after
{Heap after GC invocations=1186 (full 3):
 PSYoungGen      total 2560K, used 488K [0x00000000d5580000, 0x00000000d5c80000, 0x0000000100000000)
  eden space 2048K, 0% used [0x00000000d5580000,0x00000000d5580000,0x00000000d5780000)
  from space 512K, 95% used [0x00000000d5780000,0x00000000d57fa0d8,0x00000000d5800000)
  to   space 2560K, 0% used [0x00000000d5a00000,0x00000000d5a00000,0x00000000d5c80000)
 ParOldGen       total 769536K, used 769509K [0x0000000080000000, 0x00000000aef80000, 0x00000000d5580000)
  object space 769536K, 99% used [0x0000000080000000,0x00000000aef795b8,0x00000000aef80000)
 Metaspace       used 71401K, committed 72960K, reserved 1114112K
  class space    used 7520K, committed 8192K, reserved 1048576K
}
Event: 677.667 GC heap before
{Heap before GC invocations=1187 (full 3):
 PSYoungGen      total 2560K, used 2536K [0x00000000d5580000, 0x00000000d5c80000, 0x0000000100000000)
  eden space 2048K, 100% used [0x00000000d5580000,0x00000000d5780000,0x00000000d5780000)
  from space 512K, 95% used [0x00000000d5780000,0x00000000d57fa0d8,0x00000000d5800000)
  to   space 2560K, 0% used [0x00000000d5a00000,0x00000000d5a00000,0x00000000d5c80000)
 ParOldGen       total 769536K, used 769509K [0x0000000080000000, 0x00000000aef80000, 0x00000000d5580000)
  object space 769536K, 99% used [0x0000000080000000,0x00000000aef795b8,0x00000000aef80000)
 Metaspace       used 71524K, committed 73088K, reserved 1114112K
  class space    used 7551K, committed 8256K, reserved 1048576K
}
Event: 677.674 GC heap after
{Heap after GC invocations=1187 (full 3):
 PSYoungGen      total 3072K, used 749K [0x00000000d5580000, 0x00000000d5b00000, 0x0000000100000000)
  eden space 2048K, 0% used [0x00000000d5580000,0x00000000d5580000,0x00000000d5780000)
  from space 1024K, 73% used [0x00000000d5a00000,0x00000000d5abb4e0,0x00000000d5b00000)
  to   space 1536K, 0% used [0x00000000d5800000,0x00000000d5800000,0x00000000d5980000)
 ParOldGen       total 770048K, used 770001K [0x0000000080000000, 0x00000000af000000, 0x00000000d5580000)
  object space 770048K, 99% used [0x0000000080000000,0x00000000aeff4590,0x00000000af000000)
 Metaspace       used 71524K, committed 73088K, reserved 1114112K
  class space    used 7551K, committed 8256K, reserved 1048576K
}
Event: 677.817 GC heap before
{Heap before GC invocations=1188 (full 3):
 PSYoungGen      total 3072K, used 2797K [0x00000000d5580000, 0x00000000d5b00000, 0x0000000100000000)
  eden space 2048K, 100% used [0x00000000d5580000,0x00000000d5780000,0x00000000d5780000)
  from space 1024K, 73% used [0x00000000d5a00000,0x00000000d5abb4e0,0x00000000d5b00000)
  to   space 1536K, 0% used [0x00000000d5800000,0x00000000d5800000,0x00000000d5980000)
 ParOldGen       total 770048K, used 770001K [0x0000000080000000, 0x00000000af000000, 0x00000000d5580000)
  object space 770048K, 99% used [0x0000000080000000,0x00000000aeff4590,0x00000000af000000)
 Metaspace       used 71524K, committed 73088K, reserved 1114112K
  class space    used 7551K, committed 8256K, reserved 1048576K
}
Event: 677.824 GC heap after
{Heap after GC invocations=1188 (full 3):
 PSYoungGen      total 3584K, used 416K [0x00000000d5580000, 0x00000000d5a80000, 0x0000000100000000)
  eden space 2048K, 0% used [0x00000000d5580000,0x00000000d5580000,0x00000000d5780000)
  from space 1536K, 27% used [0x00000000d5800000,0x00000000d5868000,0x00000000d5980000)
  to   space 1024K, 0% used [0x00000000d5980000,0x00000000d5980000,0x00000000d5a80000)
 ParOldGen       total 771072K, used 770667K [0x0000000080000000, 0x00000000af100000, 0x00000000d5580000)
  object space 771072K, 99% used [0x0000000080000000,0x00000000af09adc0,0x00000000af100000)
 Metaspace       used 71524K, committed 73088K, reserved 1114112K
  class space    used 7551K, committed 8256K, reserved 1048576K
}
Event: 677.988 GC heap before
{Heap before GC invocations=1189 (full 3):
 PSYoungGen      total 3584K, used 2464K [0x00000000d5580000, 0x00000000d5a80000, 0x0000000100000000)
  eden space 2048K, 100% used [0x00000000d5580000,0x00000000d5780000,0x00000000d5780000)
  from space 1536K, 27% used [0x00000000d5800000,0x00000000d5868000,0x00000000d5980000)
  to   space 1024K, 0% used [0x00000000d5980000,0x00000000d5980000,0x00000000d5a80000)
 ParOldGen       total 771072K, used 770667K [0x0000000080000000, 0x00000000af100000, 0x00000000d5580000)
  object space 771072K, 99% used [0x0000000080000000,0x00000000af09adc0,0x00000000af100000)
 Metaspace       used 71532K, committed 73152K, reserved 1114112K
  class space    used 7551K, committed 8256K, reserved 1048576K
}
Event: 678.005 GC heap after
{Heap after GC invocations=1189 (full 3):
 PSYoungGen      total 2560K, used 416K [0x00000000d5580000, 0x00000000d5a00000, 0x0000000100000000)
  eden space 2048K, 0% used [0x00000000d5580000,0x00000000d5580000,0x00000000d5780000)
  from space 512K, 81% used [0x00000000d5980000,0x00000000d59e8000,0x00000000d5a00000)
  to   space 512K, 0% used [0x00000000d5900000,0x00000000d5900000,0x00000000d5980000)
 ParOldGen       total 771072K, used 771035K [0x0000000080000000, 0x00000000af100000, 0x00000000d5580000)
  object space 771072K, 99% used [0x0000000080000000,0x00000000af0f6dc0,0x00000000af100000)
 Metaspace       used 71532K, committed 73152K, reserved 1114112K
  class space    used 7551K, committed 8256K, reserved 1048576K
}
Event: 678.347 GC heap before
{Heap before GC invocations=1190 (full 3):
 PSYoungGen      total 2560K, used 2464K [0x00000000d5580000, 0x00000000d5a00000, 0x0000000100000000)
  eden space 2048K, 100% used [0x00000000d5580000,0x00000000d5780000,0x00000000d5780000)
  from space 512K, 81% used [0x00000000d5980000,0x00000000d59e8000,0x00000000d5a00000)
  to   space 512K, 0% used [0x00000000d5900000,0x00000000d5900000,0x00000000d5980000)
 ParOldGen       total 771072K, used 771035K [0x0000000080000000, 0x00000000af100000, 0x00000000d5580000)
  object space 771072K, 99% used [0x0000000080000000,0x00000000af0f6dc0,0x00000000af100000)
 Metaspace       used 71542K, committed 73152K, reserved 1114112K
  class space    used 7551K, committed 8256K, reserved 1048576K
}
Event: 678.356 GC heap after
{Heap after GC invocations=1190 (full 3):
 PSYoungGen      total 2560K, used 384K [0x00000000d5580000, 0x00000000d5a00000, 0x0000000100000000)
  eden space 2048K, 0% used [0x00000000d5580000,0x00000000d5580000,0x00000000d5780000)
  from space 512K, 75% used [0x00000000d5900000,0x00000000d5960000,0x00000000d5980000)
  to   space 512K, 0% used [0x00000000d5980000,0x00000000d5980000,0x00000000d5a00000)
 ParOldGen       total 771584K, used 771387K [0x0000000080000000, 0x00000000af180000, 0x00000000d5580000)
  object space 771584K, 99% used [0x0000000080000000,0x00000000af14edc0,0x00000000af180000)
 Metaspace       used 71542K, committed 73152K, reserved 1114112K
  class space    used 7551K, committed 8256K, reserved 1048576K
}
Event: 679.314 GC heap before
{Heap before GC invocations=1191 (full 3):
 PSYoungGen      total 2560K, used 2432K [0x00000000d5580000, 0x00000000d5a00000, 0x0000000100000000)
  eden space 2048K, 100% used [0x00000000d5580000,0x00000000d5780000,0x00000000d5780000)
  from space 512K, 75% used [0x00000000d5900000,0x00000000d5960000,0x00000000d5980000)
  to   space 512K, 0% used [0x00000000d5980000,0x00000000d5980000,0x00000000d5a00000)
 ParOldGen       total 771584K, used 771387K [0x0000000080000000, 0x00000000af180000, 0x00000000d5580000)
  object space 771584K, 99% used [0x0000000080000000,0x00000000af14edc0,0x00000000af180000)
 Metaspace       used 71603K, committed 73152K, reserved 1114112K
  class space    used 7568K, committed 8256K, reserved 1048576K
}
Event: 679.318 GC heap after
{Heap after GC invocations=1191 (full 3):
 PSYoungGen      total 2560K, used 506K [0x00000000d5580000, 0x00000000d5a00000, 0x0000000100000000)
  eden space 2048K, 0% used [0x00000000d5580000,0x00000000d5580000,0x00000000d5780000)
  from space 512K, 98% used [0x00000000d5980000,0x00000000d59feb68,0x00000000d5a00000)
  to   space 1024K, 0% used [0x00000000d5800000,0x00000000d5800000,0x00000000d5900000)
 ParOldGen       total 772096K, used 772065K [0x0000000080000000, 0x00000000af200000, 0x00000000d5580000)
  object space 772096K, 99% used [0x0000000080000000,0x00000000af1f84a0,0x00000000af200000)
 Metaspace       used 71603K, committed 73152K, reserved 1114112K
  class space    used 7568K, committed 8256K, reserved 1048576K
}
Event: 679.457 GC heap before
{Heap before GC invocations=1192 (full 3):
 PSYoungGen      total 2560K, used 2554K [0x00000000d5580000, 0x00000000d5a00000, 0x0000000100000000)
  eden space 2048K, 100% used [0x00000000d5580000,0x00000000d5780000,0x00000000d5780000)
  from space 512K, 98% used [0x00000000d5980000,0x00000000d59feb68,0x00000000d5a00000)
  to   space 1024K, 0% used [0x00000000d5800000,0x00000000d5800000,0x00000000d5900000)
 ParOldGen       total 772096K, used 772065K [0x0000000080000000, 0x00000000af200000, 0x00000000d5580000)
  object space 772096K, 99% used [0x0000000080000000,0x00000000af1f84a0,0x00000000af200000)
 Metaspace       used 71605K, committed 73152K, reserved 1114112K
  class space    used 7568K, committed 8256K, reserved 1048576K
}
Event: 679.463 GC heap after
{Heap after GC invocations=1192 (full 3):
 PSYoungGen      total 3072K, used 507K [0x00000000d5580000, 0x00000000d5a00000, 0x0000000100000000)
  eden space 2048K, 0% used [0x00000000d5580000,0x00000000d5580000,0x00000000d5780000)
  from space 1024K, 49% used [0x00000000d5800000,0x00000000d587ef78,0x00000000d5900000)
  to   space 1024K, 0% used [0x00000000d5900000,0x00000000d5900000,0x00000000d5a00000)
 ParOldGen       total 772608K, used 772248K [0x0000000080000000, 0x00000000af280000, 0x00000000d5580000)
  object space 772608K, 99% used [0x0000000080000000,0x00000000af2262e0,0x00000000af280000)
 Metaspace       used 71605K, committed 73152K, reserved 1114112K
  class space    used 7568K, committed 8256K, reserved 1048576K
}
Event: 679.674 GC heap before
{Heap before GC invocations=1193 (full 3):
 PSYoungGen      total 3072K, used 2555K [0x00000000d5580000, 0x00000000d5a00000, 0x0000000100000000)
  eden space 2048K, 100% used [0x00000000d5580000,0x00000000d5780000,0x00000000d5780000)
  from space 1024K, 49% used [0x00000000d5800000,0x00000000d587ef78,0x00000000d5900000)
  to   space 1024K, 0% used [0x00000000d5900000,0x00000000d5900000,0x00000000d5a00000)
 ParOldGen       total 772608K, used 772248K [0x0000000080000000, 0x00000000af280000, 0x00000000d5580000)
  object space 772608K, 99% used [0x0000000080000000,0x00000000af2262e0,0x00000000af280000)
 Metaspace       used 71619K, committed 73216K, reserved 1114112K
  class space    used 7568K, committed 8256K, reserved 1048576K
}
Event: 679.681 GC heap after
{Heap after GC invocations=1193 (full 3):
 PSYoungGen      total 2560K, used 288K [0x00000000d5580000, 0x00000000d5980000, 0x0000000100000000)
  eden space 2048K, 0% used [0x00000000d5580000,0x00000000d5580000,0x00000000d5780000)
  from space 512K, 56% used [0x00000000d5900000,0x00000000d5948000,0x00000000d5980000)
  to   space 512K, 0% used [0x00000000d5880000,0x00000000d5880000,0x00000000d5900000)
 ParOldGen       total 773120K, used 772644K [0x0000000080000000, 0x00000000af300000, 0x00000000d5580000)
  object space 773120K, 99% used [0x0000000080000000,0x00000000af2892f0,0x00000000af300000)
 Metaspace       used 71619K, committed 73216K, reserved 1114112K
  class space    used 7568K, committed 8256K, reserved 1048576K
}
Event: 63769.092 GC heap before
{Heap before GC invocations=1194 (full 3):
 PSYoungGen      total 2560K, used 2336K [0x00000000d5580000, 0x00000000d5980000, 0x0000000100000000)
  eden space 2048K, 100% used [0x00000000d5580000,0x00000000d5780000,0x00000000d5780000)
  from space 512K, 56% used [0x00000000d5900000,0x00000000d5948000,0x00000000d5980000)
  to   space 512K, 0% used [0x00000000d5880000,0x00000000d5880000,0x00000000d5900000)
 ParOldGen       total 773120K, used 772644K [0x0000000080000000, 0x00000000af300000, 0x00000000d5580000)
  object space 773120K, 99% used [0x0000000080000000,0x00000000af2892f0,0x00000000af300000)
 Metaspace       used 71727K, committed 73216K, reserved 1114112K
  class space    used 7568K, committed 8256K, reserved 1048576K
}
Event: 63770.015 GC heap after
{Heap after GC invocations=1194 (full 3):
 PSYoungGen      total 2560K, used 192K [0x00000000d5580000, 0x00000000d5980000, 0x0000000100000000)
  eden space 2048K, 0% used [0x00000000d5580000,0x00000000d5580000,0x00000000d5780000)
  from space 512K, 37% used [0x00000000d5880000,0x00000000d58b0000,0x00000000d5900000)
  to   space 512K, 0% used [0x00000000d5900000,0x00000000d5900000,0x00000000d5980000)
 ParOldGen       total 773120K, used 772868K [0x0000000080000000, 0x00000000af300000, 0x00000000d5580000)
  object space 773120K, 99% used [0x0000000080000000,0x00000000af2c12f0,0x00000000af300000)
 Metaspace       used 71727K, committed 73216K, reserved 1114112K
  class space    used 7568K, committed 8256K, reserved 1048576K
}

